🔄 Starting startup scripts at Mon Feb  3 12:54:51 PM CET 2025
🔧 Running (root) devices_setup.sh...
[sudo] password for ujiroboticsteam: 🔄 Creando reglas UDEV en /etc/udev/rules.d/99-usb.rules ...
🔄 Recargando reglas de udev...
✅ Reglas UDEV aplicadas. Verificando...
lrwxrwxrwx 1 root root 6 Feb  3 12:52 /dev/logitech_izquierda -> video0
lrwxrwxrwx 1 root root 7 Feb  3 12:52 /dev/unitree_lidar -> ttyUSB0
🟢 Configuración completada.
Skipping ip_address.sh (ignored)
Skipping jetson_sshx_bot_v4.sh (ignored)
Skipping start_supervisor.sh (ignored)
✅ Finished executing startup scripts at Mon Feb  3 12:54:52 PM CET 2025
🔄 Starting startup scripts at Mon Feb  3 01:06:14 PM CET 2025
🔧 Running (root) devices_setup.sh...
[sudo] password for ujiroboticsteam: 🔄 Creando reglas UDEV en /etc/udev/rules.d/99-usb.rules ...
🔄 Recargando reglas de udev...
✅ Reglas UDEV aplicadas. Verificando...
lrwxrwxrwx 1 root root 6 Feb  3 12:54 /dev/logitech_izquierda -> video0
lrwxrwxrwx 1 root root 7 Feb  3 12:54 /dev/unitree_lidar -> ttyUSB0
🟢 Configuración completada.
Skipping ip_address.sh (ignored)
Skipping jetson_sshx_bot_v4.sh (ignored)
Skipping start_supervisor.sh (ignored)
✅ Finished executing startup scripts at Mon Feb  3 01:06:14 PM CET 2025
